<?xml version="1.0" encoding="UTF-8"?>
<!-- Generated by org.testng.reporters.JUnitReportReporter -->
<testsuite hostname="DESKTOP-C75M3F7" failures="0" tests="2" name="apitest.GetUsers" time="4.162" errors="0" timestamp="2024-01-10T23:22:19 SAST" skipped="0">
  <testcase classname="apitest.GetUsers" name="getSingleUserNotFound" time="2.914"/>
  <system-out/>
  <testcase classname="apitest.GetUsers" name="getUsers" time="1.248"/>
  <system-out/>
</testsuite> <!-- apitest.GetUsers -->
