<?xml version="1.0" encoding="UTF-8"?>
<!-- Generated by org.testng.reporters.JUnitReportReporter -->
<testsuite hostname="DESKTOP-C75M3F7" failures="0" tests="1" name="apitest.PostReq" time="1.775" errors="0" timestamp="2023-12-08T17:09:37 SAST" skipped="0">
  <testcase classname="apitest.PostReq" name="createUser" time="1.775"/>
</testsuite> <!-- apitest.PostReq -->
