<?xml version="1.0" encoding="UTF-8"?>
<!-- Generated by org.testng.reporters.JUnitReportReporter -->
<testsuite hostname="DESKTOP-C75M3F7" failures="0" tests="1" name="apitest.PostReq1" time="1.859" errors="0" timestamp="2023-12-29T22:42:52 SAST" skipped="0">
  <testcase classname="apitest.PostReq1" name="createUser1" time="1.859"/>
</testsuite> <!-- apitest.PostReq1 -->
