<?xml version="1.0" encoding="UTF-8"?>
<!-- Generated by org.testng.reporters.JUnitReportReporter -->
<testsuite hostname="DESKTOP-C75M3F7" failures="0" tests="2" name="apitest.GetUsers" time="4.857" errors="0" timestamp="13 Jan 2024 15:30:25 GMT" skipped="0">
  <testcase classname="apitest.GetUsers" name="getSingleUserNotFound" time="3.699"/>
  <testcase classname="apitest.GetUsers" name="getUsers" time="1.158"/>
</testsuite> <!-- apitest.GetUsers -->
